[0502/173551.784:ERROR:process_memory_win.cc(73)] ReadMemory at 0x2587fbe3aa0 of 72 bytes failed: Запрос ReadProcessMemory или WriteProcessMemory был выполнен только частично. (0x12B)
[0502/173551.785:WARNING:pe_image_annotations_reader.cc(134)] could not read annotations list object in C:\Program Files (x86)\Google\Chrome\Application\81.0.4044.129\chrome_elf.dll
[0502/173551.785:ERROR:process_memory_win.cc(73)] ReadMemory at 0x7ffe0ba30000 of 64 bytes failed: Запрос ReadProcessMemory или WriteProcessMemory был выполнен только частично. (0x12B)
[0502/173551.785:WARNING:pe_image_reader.cc(340)] could not read dos header from C:\Program Files (x86)\Google\Chrome\Application\81.0.4044.129\chrome.dll
[0502/173551.785:ERROR:process_memory_win.cc(73)] ReadMemory at 0x7ffe24650270 of 40 bytes failed: Запрос ReadProcessMemory или WriteProcessMemory был выполнен только частично. (0x12B)
[0502/173551.786:WARNING:pe_image_reader.cc(392)] could not read section 2 from C:\WINDOWS\SYSTEM32\dbghelp.dll
[0502/173551.786:ERROR:process_memory_win.cc(73)] ReadMemory at 0x7ffe2ffe0000 of 64 bytes failed: Запрос ReadProcessMemory или WriteProcessMemory был выполнен только частично. (0x12B)
[0502/173551.786:WARNING:pe_image_reader.cc(340)] could not read dos header from C:\WINDOWS\SYSTEM32\WINHTTP.dll
[0502/173551.786:ERROR:process_memory_win.cc(73)] ReadMemory at 0x7ffe30820000 of 64 bytes failed: Запрос ReadProcessMemory или WriteProcessMemory был выполнен только частично. (0x12B)
[0502/173551.786:WARNING:pe_image_reader.cc(340)] could not read dos header from C:\WINDOWS\SYSTEM32\dhcpcsvc.DLL
[0502/173551.786:ERROR:process_memory_win.cc(73)] ReadMemory at 0x7ffe35ba0000 of 64 bytes failed: Запрос ReadProcessMemory или WriteProcessMemory был выполнен только частично. (0x12B)
[0502/173551.786:WARNING:pe_image_reader.cc(340)] could not read dos header from C:\WINDOWS\SYSTEM32\WINMMBASE.dll
[0502/173551.786:ERROR:process_memory_win.cc(73)] ReadMemory at 0x7ffe38910000 of 64 bytes failed: Запрос ReadProcessMemory или WriteProcessMemory был выполнен только частично. (0x12B)
[0502/173551.786:WARNING:pe_image_reader.cc(340)] could not read dos header from C:\WINDOWS\System32\cfgmgr32.dll
[0502/173551.786:ERROR:process_memory_win.cc(73)] ReadMemory at 0x7ffe344f0000 of 64 bytes failed: Запрос ReadProcessMemory или WriteProcessMemory был выполнен только частично. (0x12B)
[0502/173551.786:WARNING:pe_image_reader.cc(340)] could not read dos header from C:\WINDOWS\SYSTEM32\PROPSYS.dll
[0502/173551.786:ERROR:process_memory_win.cc(73)] ReadMemory at 0x7ffe37910000 of 64 bytes failed: Запрос ReadProcessMemory или WriteProcessMemory был выполнен только частично. (0x12B)
[0502/173551.786:WARNING:pe_image_reader.cc(340)] could not read dos header from C:\WINDOWS\SYSTEM32\SSPICLI.DLL
[0502/173551.786:ERROR:process_memory_win.cc(73)] ReadMemory at 0x7ffe38670000 of 64 bytes failed: Запрос ReadProcessMemory или WriteProcessMemory был выполнен только частично. (0x12B)
[0502/173551.786:WARNING:pe_image_reader.cc(340)] could not read dos header from C:\WINDOWS\System32\win32u.dll
[0502/173551.786:ERROR:process_memory_win.cc(73)] ReadMemory at 0x7ffe38740000 of 64 bytes failed: Запрос ReadProcessMemory или WriteProcessMemory был выполнен только частично. (0x12B)
[0502/173551.786:WARNING:pe_image_reader.cc(340)] could not read dos header from C:\WINDOWS\System32\gdi32full.dll
[0502/173551.786:ERROR:process_memory_win.cc(73)] ReadMemory at 0x7ffe39bf0000 of 64 bytes failed: Запрос ReadProcessMemory или WriteProcessMemory был выполнен только частично. (0x12B)
[0502/173551.786:WARNING:pe_image_reader.cc(340)] could not read dos header from C:\WINDOWS\System32\USER32.dll
[0502/173551.786:ERROR:process_memory_win.cc(73)] ReadMemory at 0x7ffe3a080000 of 64 bytes failed: Запрос ReadProcessMemory или WriteProcessMemory был выполнен только частично. (0x12B)
[0502/173551.786:WARNING:pe_image_reader.cc(340)] could not read dos header from C:\WINDOWS\System32\IMM32.DLL
[0502/173551.788:ERROR:process_memory_win.cc(73)] ReadMemory at 0x7ff72e960000 of 64 bytes failed: Запрос ReadProcessMemory или WriteProcessMemory был выполнен только частично. (0x12B)
[0502/173551.788:WARNING:pe_image_reader.cc(340)] could not read dos header from C:\Program Files (x86)\Google\Chrome\Application\chrome.exe
[0502/173551.788:ERROR:process_memory_win.cc(73)] ReadMemory at 0x7ffe3ab60000 of 64 bytes failed: Запрос ReadProcessMemory или WriteProcessMemory был выполнен только частично. (0x12B)
[0502/173551.788:WARNING:pe_image_reader.cc(340)] could not read dos header from C:\WINDOWS\SYSTEM32\ntdll.dll
[0502/173551.788:ERROR:process_memory_win.cc(73)] ReadMemory at 0x7ffe393e0000 of 64 bytes failed: Запрос ReadProcessMemory или WriteProcessMemory был выполнен только частично. (0x12B)
[0502/173551.789:WARNING:pe_image_reader.cc(340)] could not read dos header from C:\WINDOWS\System32\KERNEL32.DLL
[0502/173551.789:ERROR:process_memory_win.cc(73)] ReadMemory at 0x7ffe38960000 of 64 bytes failed: Запрос ReadProcessMemory или WriteProcessMemory был выполнен только частично. (0x12B)
[0502/173551.789:WARNING:pe_image_reader.cc(340)] could not read dos header from C:\WINDOWS\System32\KERNELBASE.dll
[0502/173551.789:ERROR:process_memory_win.cc(73)] ReadMemory at 0x7ffe14780000 of 64 bytes failed: Запрос ReadProcessMemory или WriteProcessMemory был выполнен только частично. (0x12B)
[0502/173551.789:WARNING:pe_image_reader.cc(340)] could not read dos header from C:\Program Files (x86)\Google\Chrome\Application\81.0.4044.129\chrome_elf.dll
[0502/173551.789:ERROR:process_memory_win.cc(73)] ReadMemory at 0x7ffe32600000 of 64 bytes failed: Запрос ReadProcessMemory или WriteProcessMemory был выполнен только частично. (0x12B)
[0502/173551.789:WARNING:pe_image_reader.cc(340)] could not read dos header from C:\WINDOWS\SYSTEM32\VERSION.dll
[0502/173551.789:ERROR:process_memory_win.cc(73)] ReadMemory at 0x7ffe3a8c0000 of 64 bytes failed: Запрос ReadProcessMemory или WriteProcessMemory был выполнен только частично. (0x12B)
[0502/173551.789:WARNING:pe_image_reader.cc(340)] could not read dos header from C:\WINDOWS\System32\msvcrt.dll
[0502/173551.789:ERROR:process_memory_win.cc(73)] ReadMemory at 0x7ffe37bc0000 of 64 bytes failed: Запрос ReadProcessMemory или WriteProcessMemory был выполнен только частично. (0x12B)
[0502/173551.789:WARNING:pe_image_reader.cc(340)] could not read dos header from C:\WINDOWS\System32\bcryptPrimitives.dll
[0502/173551.789:ERROR:process_memory_win.cc(73)] ReadMemory at 0x7ffe3a9a0000 of 64 bytes failed: Запрос ReadProcessMemory или WriteProcessMemory был выполнен только частично. (0x12B)
[0502/173551.789:WARNING:pe_image_reader.cc(340)] could not read dos header from C:\WINDOWS\System32\ADVAPI32.dll
[0502/173551.789:ERROR:process_memory_win.cc(73)] ReadMemory at 0x7ffe39100000 of 64 bytes failed: Запрос ReadProcessMemory или WriteProcessMemory был выполнен только частично. (0x12B)
[0502/173551.789:WARNING:pe_image_reader.cc(340)] could not read dos header from C:\WINDOWS\System32\sechost.dll
[0502/173551.789:ERROR:process_memory_win.cc(73)] ReadMemory at 0x7ffe3a0b0000 of 64 bytes failed: Запрос ReadProcessMemory или WriteProcessMemory был выполнен только частично. (0x12B)
[0502/173551.789:WARNING:pe_image_reader.cc(340)] could not read dos header from C:\WINDOWS\System32\RPCRT4.dll
[0502/173551.789:ERROR:process_memory_win.cc(73)] ReadMemory at 0x7ffe0ba30000 of 64 bytes failed: Запрос ReadProcessMemory или WriteProcessMemory был выполнен только частично. (0x12B)
[0502/173551.789:WARNING:pe_image_reader.cc(340)] could not read dos header from C:\Program Files (x86)\Google\Chrome\Application\81.0.4044.129\chrome.dll
[0502/173551.789:ERROR:process_memory_win.cc(73)] ReadMemory at 0x7ffe3a720000 of 64 bytes failed: Запрос ReadProcessMemory или WriteProcessMemory был выполнен только частично. (0x12B)
[0502/173551.789:WARNING:pe_image_reader.cc(340)] could not read dos header from C:\WINDOWS\System32\WS2_32.dll
[0502/173551.789:ERROR:process_memory_win.cc(73)] ReadMemory at 0x7ffe3aa50000 of 64 bytes failed: Запрос ReadProcessMemory или WriteProcessMemory был выполнен только частично. (0x12B)
[0502/173551.789:WARNING:pe_image_reader.cc(340)] could not read dos header from C:\WINDOWS\System32\OLEAUT32.dll
[0502/173551.789:ERROR:process_memory_win.cc(73)] ReadMemory at 0x7ffe386a0000 of 64 bytes failed: Запрос ReadProcessMemory или WriteProcessMemory был выполнен только частично. (0x12B)
[0502/173551.789:WARNING:pe_image_reader.cc(340)] could not read dos header from C:\WINDOWS\System32\msvcp_win.dll
[0502/173551.789:ERROR:process_memory_win.cc(73)] ReadMemory at 0x7ffe38570000 of 64 bytes failed: Запрос ReadProcessMemory или WriteProcessMemory был выполнен только частично. (0x12B)
[0502/173551.789:WARNING:pe_image_reader.cc(340)] could not read dos header from C:\WINDOWS\System32\ucrtbase.dll
[0502/173551.789:ERROR:process_memory_win.cc(73)] ReadMemory at 0x7ffe3a3e0000 of 64 bytes failed: Запрос ReadProcessMemory или WriteProcessMemory был выполнен только частично. (0x12B)
[0502/173551.789:WARNING:pe_image_reader.cc(340)] could not read dos header from C:\WINDOWS\System32\combase.dll
[0502/173551.789:ERROR:process_memory_win.cc(73)] ReadMemory at 0x7ffe37c40000 of 64 bytes failed: Запрос ReadProcessMemory или WriteProcessMemory был выполнен только частично. (0x12B)
[0502/173551.789:WARNING:pe_image_reader.cc(340)] could not read dos header from C:\WINDOWS\System32\WINTRUST.dll
[0502/173551.789:ERROR:process_memory_win.cc(73)] ReadMemory at 0x7ffe37ad0000 of 64 bytes failed: Запрос ReadProcessMemory или WriteProcessMemory был выполнен только частично. (0x12B)
[0502/173551.789:WARNING:pe_image_reader.cc(340)] could not read dos header from C:\WINDOWS\System32\MSASN1.dll
[0502/173551.789:ERROR:process_memory_win.cc(73)] ReadMemory at 0x7ffe38420000 of 64 bytes failed: Запрос ReadProcessMemory или WriteProcessMemory был выполнен только частично. (0x12B)
[0502/173551.789:WARNING:pe_image_reader.cc(340)] could not read dos header from C:\WINDOWS\System32\CRYPT32.dll
[0502/173551.789:ERROR:process_memory_win.cc(73)] ReadMemory at 0x7ffe36f40000 of 64 bytes failed: Запрос ReadProcessMemory или WriteProcessMemory был выполнен только частично. (0x12B)
[0502/173551.789:WARNING:pe_image_reader.cc(340)] could not read dos header from C:\WINDOWS\SYSTEM32\IPHLPAPI.DLL
[0502/173551.789:ERROR:process_memory_win.cc(73)] ReadMemory at 0x7ffe35bd0000 of 64 bytes failed: Запрос ReadProcessMemory или WriteProcessMemory был выполнен только частично. (0x12B)
[0502/173551.789:WARNING:pe_image_reader.cc(340)] could not read dos header from C:\WINDOWS\SYSTEM32\WINMM.dll
[0502/173551.789:ERROR:process_memory_win.cc(73)] ReadMemory at 0x7ffe25030000 of 64 bytes failed: Запрос ReadProcessMemory или WriteProcessMemory был выполнен только частично. (0x12B)
[0502/173551.789:WARNING:pe_image_reader.cc(340)] could not read dos header from C:\WINDOWS\SYSTEM32\Secur32.dll
[0502/173551.789:ERROR:process_memory_win.cc(73)] ReadMemory at 0x7ffe37940000 of 64 bytes failed: Запрос ReadProcessMemory или WriteProcessMemory был выполнен только частично. (0x12B)
[0502/173551.789:WARNING:pe_image_reader.cc(340)] could not read dos header from C:\WINDOWS\SYSTEM32\USERENV.dll
[0502/173551.789:ERROR:process_memory_win.cc(73)] ReadMemory at 0x7ffe37a50000 of 64 bytes failed: Запрос ReadProcessMemory или WriteProcessMemory был выполнен только частично. (0x12B)
[0502/173551.789:WARNING:pe_image_reader.cc(340)] could not read dos header from C:\WINDOWS\System32\profapi.dll
[0502/173551.789:ERROR:process_memory_win.cc(73)] ReadMemory at 0x7ffe1c260000 of 64 bytes failed: Запрос ReadProcessMemory или WriteProcessMemory был выполнен только частично. (0x12B)
[0502/173551.789:WARNING:pe_image_reader.cc(340)] could not read dos header from C:\WINDOWS\SYSTEM32\UIAutomationCore.DLL
[0502/173551.790:ERROR:process_memory_win.cc(73)] ReadMemory at 0x7ffe29790000 of 64 bytes failed: Запрос ReadProcessMemory или WriteProcessMemory был выполнен только частично. (0x12B)
[0502/173551.790:WARNING:pe_image_reader.cc(340)] could not read dos header from C:\WINDOWS\SYSTEM32\DWrite.dll
[0502/173551.790:ERROR:process_memory_win.cc(73)] ReadMemory at 0x7ffe252e0000 of 64 bytes failed: Запрос ReadProcessMemory или WriteProcessMemory был выполнен только частично. (0x12B)
[0502/173551.790:WARNING:pe_image_reader.cc(340)] could not read dos header from C:\WINDOWS\SYSTEM32\WINSPOOL.DRV
[0502/173551.790:ERROR:process_memory_win.cc(73)] ReadMemory at 0x7ffe37a30000 of 64 bytes failed: Запрос ReadProcessMemory или WriteProcessMemory был выполнен только частично. (0x12B)
[0502/173551.790:WARNING:pe_image_reader.cc(340)] could not read dos header from C:\WINDOWS\System32\kernel.appcore.dll
[0502/173551.790:ERROR:process_memory_win.cc(73)] ReadMemory at 0x7ffe388e0000 of 64 bytes failed: Запрос ReadProcessMemory или WriteProcessMemory был выполнен только частично. (0x12B)
[0502/173551.790:WARNING:pe_image_reader.cc(340)] could not read dos header from C:\WINDOWS\System32\bcrypt.dll
[0502/173551.790:ERROR:process_memory_win.cc(73)] ReadMemory at 0x7ffe24650000 of 64 bytes failed: Запрос ReadProcessMemory или WriteProcessMemory был выполнен только частично. (0x12B)
[0502/173551.790:WARNING:pe_image_reader.cc(340)] could not read dos header from C:\WINDOWS\SYSTEM32\dbghelp.dll
[0502/173551.790:ERROR:process_memory_win.cc(73)] ReadMemory at 0x7ffe2ffe0000 of 64 bytes failed: Запрос ReadProcessMemory или WriteProcessMemory был выполнен только частично. (0x12B)
[0502/173551.790:WARNING:pe_image_reader.cc(340)] could not read dos header from C:\WINDOWS\SYSTEM32\WINHTTP.dll
[0502/173551.790:ERROR:process_memory_win.cc(73)] ReadMemory at 0x7ffe30820000 of 64 bytes failed: Запрос ReadProcessMemory или WriteProcessMemory был выполнен только частично. (0x12B)
[0502/173551.790:WARNING:pe_image_reader.cc(340)] could not read dos header from C:\WINDOWS\SYSTEM32\dhcpcsvc.DLL
[0502/173551.790:ERROR:process_memory_win.cc(73)] ReadMemory at 0x7ffe3a070000 of 64 bytes failed: Запрос ReadProcessMemory или WriteProcessMemory был выполнен только частично. (0x12B)
[0502/173551.790:WARNING:pe_image_reader.cc(340)] could not read dos header from C:\WINDOWS\System32\NSI.dll
[0502/173551.790:ERROR:process_memory_win.cc(73)] ReadMemory at 0x7ffe35ba0000 of 64 bytes failed: Запрос ReadProcessMemory или WriteProcessMemory был выполнен только частично. (0x12B)
[0502/173551.790:WARNING:pe_image_reader.cc(340)] could not read dos header from C:\WINDOWS\SYSTEM32\WINMMBASE.dll
[0502/173551.790:ERROR:process_memory_win.cc(73)] ReadMemory at 0x7ffe38910000 of 64 bytes failed: Запрос ReadProcessMemory или WriteProcessMemory был выполнен только частично. (0x12B)
[0502/173551.790:WARNING:pe_image_reader.cc(340)] could not read dos header from C:\WINDOWS\System32\cfgmgr32.dll
[0502/173551.790:ERROR:process_memory_win.cc(73)] ReadMemory at 0x7ffe344f0000 of 64 bytes failed: Запрос ReadProcessMemory или WriteProcessMemory был выполнен только частично. (0x12B)
[0502/173551.790:WARNING:pe_image_reader.cc(340)] could not read dos header from C:\WINDOWS\SYSTEM32\PROPSYS.dll
[0502/173551.790:ERROR:process_memory_win.cc(73)] ReadMemory at 0x7ffe39d90000 of 64 bytes failed: Запрос ReadProcessMemory или WriteProcessMemory был выполнен только частично. (0x12B)
[0502/173551.790:WARNING:pe_image_reader.cc(340)] could not read dos header from C:\WINDOWS\System32\shcore.dll
[0502/173551.790:ERROR:process_memory_win.cc(73)] ReadMemory at 0x7ffe37910000 of 64 bytes failed: Запрос ReadProcessMemory или WriteProcessMemory был выполнен только частично. (0x12B)
[0502/173551.790:WARNING:pe_image_reader.cc(340)] could not read dos header from C:\WINDOWS\SYSTEM32\SSPICLI.DLL
[0502/173551.790:ERROR:process_memory_win.cc(73)] ReadMemory at 0x7ffe3a960000 of 64 bytes failed: Запрос ReadProcessMemory или WriteProcessMemory был выполнен только частично. (0x12B)
[0502/173551.790:WARNING:pe_image_reader.cc(340)] could not read dos header from C:\WINDOWS\System32\GDI32.dll
[0502/173551.790:ERROR:process_memory_win.cc(73)] ReadMemory at 0x7ffe38670000 of 64 bytes failed: Запрос ReadProcessMemory или WriteProcessMemory был выполнен только частично. (0x12B)
[0502/173551.790:WARNING:pe_image_reader.cc(340)] could not read dos header from C:\WINDOWS\System32\win32u.dll
[0502/173551.790:ERROR:process_memory_win.cc(73)] ReadMemory at 0x7ffe38740000 of 64 bytes failed: Запрос ReadProcessMemory или WriteProcessMemory был выполнен только частично. (0x12B)
[0502/173551.790:WARNING:pe_image_reader.cc(340)] could not read dos header from C:\WINDOWS\System32\gdi32full.dll
[0502/173551.790:ERROR:process_memory_win.cc(73)] ReadMemory at 0x7ffe39bf0000 of 64 bytes failed: Запрос ReadProcessMemory или WriteProcessMemory был выполнен только частично. (0x12B)
[0502/173551.790:WARNING:pe_image_reader.cc(340)] could not read dos header from C:\WINDOWS\System32\USER32.dll
[0502/173551.790:ERROR:process_memory_win.cc(73)] ReadMemory at 0x7ffe3a080000 of 64 bytes failed: Запрос ReadProcessMemory или WriteProcessMemory был выполнен только частично. (0x12B)
[0502/173551.790:WARNING:pe_image_reader.cc(340)] could not read dos header from C:\WINDOWS\System32\IMM32.DLL
[0502/173551.790:ERROR:process_memory_win.cc(73)] ReadMemory at 0x7ff72e960000 of 64 bytes failed: Запрос ReadProcessMemory или WriteProcessMemory был выполнен только частично. (0x12B)
[0502/173551.790:WARNING:pe_image_reader.cc(340)] could not read dos header from C:\Program Files (x86)\Google\Chrome\Application\chrome.exe
[0502/173551.790:ERROR:process_memory_win.cc(73)] ReadMemory at 0x7ffe3ab60000 of 64 bytes failed: Запрос ReadProcessMemory или WriteProcessMemory был выполнен только частично. (0x12B)
[0502/173551.790:WARNING:pe_image_reader.cc(340)] could not read dos header from C:\WINDOWS\SYSTEM32\ntdll.dll
[0502/173551.790:ERROR:process_memory_win.cc(73)] ReadMemory at 0x7ffe393e0000 of 64 bytes failed: Запрос ReadProcessMemory или WriteProcessMemory был выполнен только частично. (0x12B)
[0502/173551.790:WARNING:pe_image_reader.cc(340)] could not read dos header from C:\WINDOWS\System32\KERNEL32.DLL
[0502/173551.790:ERROR:process_memory_win.cc(73)] ReadMemory at 0x7ffe38960000 of 64 bytes failed: Запрос ReadProcessMemory или WriteProcessMemory был выполнен только частично. (0x12B)
[0502/173551.790:WARNING:pe_image_reader.cc(340)] could not read dos header from C:\WINDOWS\System32\KERNELBASE.dll
[0502/173551.790:ERROR:process_memory_win.cc(73)] ReadMemory at 0x7ffe14780000 of 64 bytes failed: Запрос ReadProcessMemory или WriteProcessMemory был выполнен только частично. (0x12B)
[0502/173551.790:WARNING:pe_image_reader.cc(340)] could not read dos header from C:\Program Files (x86)\Google\Chrome\Application\81.0.4044.129\chrome_elf.dll
[0502/173551.790:ERROR:process_memory_win.cc(73)] ReadMemory at 0x7ffe32600000 of 64 bytes failed: Запрос ReadProcessMemory или WriteProcessMemory был выполнен только частично. (0x12B)
[0502/173551.791:WARNING:pe_image_reader.cc(340)] could not read dos header from C:\WINDOWS\SYSTEM32\VERSION.dll
[0502/173551.791:ERROR:process_memory_win.cc(73)] ReadMemory at 0x7ffe3a8c0000 of 64 bytes failed: Запрос ReadProcessMemory или WriteProcessMemory был выполнен только частично. (0x12B)
[0502/173551.791:WARNING:pe_image_reader.cc(340)] could not read dos header from C:\WINDOWS\System32\msvcrt.dll
[0502/173551.791:ERROR:process_memory_win.cc(73)] ReadMemory at 0x7ffe37bc0000 of 64 bytes failed: Запрос ReadProcessMemory или WriteProcessMemory был выполнен только частично. (0x12B)
[0502/173551.791:WARNING:pe_image_reader.cc(340)] could not read dos header from C:\WINDOWS\System32\bcryptPrimitives.dll
[0502/173551.791:ERROR:process_memory_win.cc(73)] ReadMemory at 0x7ffe3a9a0000 of 64 bytes failed: Запрос ReadProcessMemory или WriteProcessMemory был выполнен только частично. (0x12B)
[0502/173551.791:WARNING:pe_image_reader.cc(340)] could not read dos header from C:\WINDOWS\System32\ADVAPI32.dll
[0502/173551.791:ERROR:process_memory_win.cc(73)] ReadMemory at 0x7ffe39100000 of 64 bytes failed: Запрос ReadProcessMemory или WriteProcessMemory был выполнен только частично. (0x12B)
[0502/173551.791:WARNING:pe_image_reader.cc(340)] could not read dos header from C:\WINDOWS\System32\sechost.dll
[0502/173551.791:ERROR:process_memory_win.cc(73)] ReadMemory at 0x7ffe3a0b0000 of 64 bytes failed: Запрос ReadProcessMemory или WriteProcessMemory был выполнен только частично. (0x12B)
[0502/173551.791:WARNING:pe_image_reader.cc(340)] could not read dos header from C:\WINDOWS\System32\RPCRT4.dll
[0502/173551.791:ERROR:process_memory_win.cc(73)] ReadMemory at 0x7ffe0ba30000 of 64 bytes failed: Запрос ReadProcessMemory или WriteProcessMemory был выполнен только частично. (0x12B)
[0502/173551.791:WARNING:pe_image_reader.cc(340)] could not read dos header from C:\Program Files (x86)\Google\Chrome\Application\81.0.4044.129\chrome.dll
[0502/173551.791:ERROR:process_memory_win.cc(73)] ReadMemory at 0x7ffe3a720000 of 64 bytes failed: Запрос ReadProcessMemory или WriteProcessMemory был выполнен только частично. (0x12B)
[0502/173551.791:WARNING:pe_image_reader.cc(340)] could not read dos header from C:\WINDOWS\System32\WS2_32.dll
[0502/173551.791:ERROR:process_memory_win.cc(73)] ReadMemory at 0x7ffe3aa50000 of 64 bytes failed: Запрос ReadProcessMemory или WriteProcessMemory был выполнен только частично. (0x12B)
[0502/173551.791:WARNING:pe_image_reader.cc(340)] could not read dos header from C:\WINDOWS\System32\OLEAUT32.dll
[0502/173551.791:ERROR:process_memory_win.cc(73)] ReadMemory at 0x7ffe386a0000 of 64 bytes failed: Запрос ReadProcessMemory или WriteProcessMemory был выполнен только частично. (0x12B)
[0502/173551.791:WARNING:pe_image_reader.cc(340)] could not read dos header from C:\WINDOWS\System32\msvcp_win.dll
[0502/173551.791:ERROR:process_memory_win.cc(73)] ReadMemory at 0x7ffe38570000 of 64 bytes failed: Запрос ReadProcessMemory или WriteProcessMemory был выполнен только частично. (0x12B)
[0502/173551.791:WARNING:pe_image_reader.cc(340)] could not read dos header from C:\WINDOWS\System32\ucrtbase.dll
[0502/173551.791:ERROR:process_memory_win.cc(73)] ReadMemory at 0x7ffe3a3e0000 of 64 bytes failed: Запрос ReadProcessMemory или WriteProcessMemory был выполнен только частично. (0x12B)
[0502/173551.791:WARNING:pe_image_reader.cc(340)] could not read dos header from C:\WINDOWS\System32\combase.dll
[0502/173551.791:ERROR:process_memory_win.cc(73)] ReadMemory at 0x7ffe37c40000 of 64 bytes failed: Запрос ReadProcessMemory или WriteProcessMemory был выполнен только частично. (0x12B)
[0502/173551.791:WARNING:pe_image_reader.cc(340)] could not read dos header from C:\WINDOWS\System32\WINTRUST.dll
[0502/173551.791:ERROR:process_memory_win.cc(73)] ReadMemory at 0x7ffe37ad0000 of 64 bytes failed: Запрос ReadProcessMemory или WriteProcessMemory был выполнен только частично. (0x12B)
[0502/173551.791:WARNING:pe_image_reader.cc(340)] could not read dos header from C:\WINDOWS\System32\MSASN1.dll
[0502/173551.791:ERROR:process_memory_win.cc(73)] ReadMemory at 0x7ffe38420000 of 64 bytes failed: Запрос ReadProcessMemory или WriteProcessMemory был выполнен только частично. (0x12B)
[0502/173551.791:WARNING:pe_image_reader.cc(340)] could not read dos header from C:\WINDOWS\System32\CRYPT32.dll
[0502/173551.791:ERROR:process_memory_win.cc(73)] ReadMemory at 0x7ffe36f40000 of 64 bytes failed: Запрос ReadProcessMemory или WriteProcessMemory был выполнен только частично. (0x12B)
[0502/173551.791:WARNING:pe_image_reader.cc(340)] could not read dos header from C:\WINDOWS\SYSTEM32\IPHLPAPI.DLL
[0502/173551.791:ERROR:process_memory_win.cc(73)] ReadMemory at 0x7ffe35bd0000 of 64 bytes failed: Запрос ReadProcessMemory или WriteProcessMemory был выполнен только частично. (0x12B)
[0502/173551.791:WARNING:pe_image_reader.cc(340)] could not read dos header from C:\WINDOWS\SYSTEM32\WINMM.dll
[0502/173551.791:ERROR:process_memory_win.cc(73)] ReadMemory at 0x7ffe25030000 of 64 bytes failed: Запрос ReadProcessMemory или WriteProcessMemory был выполнен только частично. (0x12B)
[0502/173551.791:WARNING:pe_image_reader.cc(340)] could not read dos header from C:\WINDOWS\SYSTEM32\Secur32.dll
[0502/173551.791:ERROR:process_memory_win.cc(73)] ReadMemory at 0x7ffe37940000 of 64 bytes failed: Запрос ReadProcessMemory или WriteProcessMemory был выполнен только частично. (0x12B)
[0502/173551.792:WARNING:pe_image_reader.cc(340)] could not read dos header from C:\WINDOWS\SYSTEM32\USERENV.dll
[0502/173551.792:ERROR:process_memory_win.cc(73)] ReadMemory at 0x7ffe37a50000 of 64 bytes failed: Запрос ReadProcessMemory или WriteProcessMemory был выполнен только частично. (0x12B)
[0502/173551.792:WARNING:pe_image_reader.cc(340)] could not read dos header from C:\WINDOWS\System32\profapi.dll
[0502/173551.792:ERROR:process_memory_win.cc(73)] ReadMemory at 0x7ffe1c260000 of 64 bytes failed: Запрос ReadProcessMemory или WriteProcessMemory был выполнен только частично. (0x12B)
[0502/173551.792:WARNING:pe_image_reader.cc(340)] could not read dos header from C:\WINDOWS\SYSTEM32\UIAutomationCore.DLL
[0502/173551.792:ERROR:process_memory_win.cc(73)] ReadMemory at 0x7ffe29790000 of 64 bytes failed: Запрос ReadProcessMemory или WriteProcessMemory был выполнен только частично. (0x12B)
[0502/173551.792:WARNING:pe_image_reader.cc(340)] could not read dos header from C:\WINDOWS\SYSTEM32\DWrite.dll
[0502/173551.792:ERROR:process_memory_win.cc(73)] ReadMemory at 0x7ffe252e0000 of 64 bytes failed: Запрос ReadProcessMemory или WriteProcessMemory был выполнен только частично. (0x12B)
[0502/173551.792:WARNING:pe_image_reader.cc(340)] could not read dos header from C:\WINDOWS\SYSTEM32\WINSPOOL.DRV
[0502/173551.792:ERROR:process_memory_win.cc(73)] ReadMemory at 0x7ffe37a30000 of 64 bytes failed: Запрос ReadProcessMemory или WriteProcessMemory был выполнен только частично. (0x12B)
[0502/173551.792:WARNING:pe_image_reader.cc(340)] could not read dos header from C:\WINDOWS\System32\kernel.appcore.dll
[0502/173551.792:ERROR:process_memory_win.cc(73)] ReadMemory at 0x7ffe388e0000 of 64 bytes failed: Запрос ReadProcessMemory или WriteProcessMemory был выполнен только частично. (0x12B)
[0502/173551.792:WARNING:pe_image_reader.cc(340)] could not read dos header from C:\WINDOWS\System32\bcrypt.dll
[0502/173551.792:ERROR:process_memory_win.cc(73)] ReadMemory at 0x7ffe24650000 of 64 bytes failed: Запрос ReadProcessMemory или WriteProcessMemory был выполнен только частично. (0x12B)
[0502/173551.792:WARNING:pe_image_reader.cc(340)] could not read dos header from C:\WINDOWS\SYSTEM32\dbghelp.dll
[0502/173551.792:ERROR:process_memory_win.cc(73)] ReadMemory at 0x7ffe2ffe0000 of 64 bytes failed: Запрос ReadProcessMemory или WriteProcessMemory был выполнен только частично. (0x12B)
[0502/173551.792:WARNING:pe_image_reader.cc(340)] could not read dos header from C:\WINDOWS\SYSTEM32\WINHTTP.dll
[0502/173551.792:ERROR:process_memory_win.cc(73)] ReadMemory at 0x7ffe30820000 of 64 bytes failed: Запрос ReadProcessMemory или WriteProcessMemory был выполнен только частично. (0x12B)
[0502/173551.792:WARNING:pe_image_reader.cc(340)] could not read dos header from C:\WINDOWS\SYSTEM32\dhcpcsvc.DLL
[0502/173551.792:ERROR:process_memory_win.cc(73)] ReadMemory at 0x7ffe3a070000 of 64 bytes failed: Запрос ReadProcessMemory или WriteProcessMemory был выполнен только частично. (0x12B)
[0502/173551.792:WARNING:pe_image_reader.cc(340)] could not read dos header from C:\WINDOWS\System32\NSI.dll
[0502/173551.792:ERROR:process_memory_win.cc(73)] ReadMemory at 0x7ffe35ba0000 of 64 bytes failed: Запрос ReadProcessMemory или WriteProcessMemory был выполнен только частично. (0x12B)
[0502/173551.792:WARNING:pe_image_reader.cc(340)] could not read dos header from C:\WINDOWS\SYSTEM32\WINMMBASE.dll
[0502/173551.792:ERROR:process_memory_win.cc(73)] ReadMemory at 0x7ffe38910000 of 64 bytes failed: Запрос ReadProcessMemory или WriteProcessMemory был выполнен только частично. (0x12B)
[0502/173551.792:WARNING:pe_image_reader.cc(340)] could not read dos header from C:\WINDOWS\System32\cfgmgr32.dll
[0502/173551.792:ERROR:process_memory_win.cc(73)] ReadMemory at 0x7ffe344f0000 of 64 bytes failed: Запрос ReadProcessMemory или WriteProcessMemory был выполнен только частично. (0x12B)
[0502/173551.792:WARNING:pe_image_reader.cc(340)] could not read dos header from C:\WINDOWS\SYSTEM32\PROPSYS.dll
[0502/173551.792:ERROR:process_memory_win.cc(73)] ReadMemory at 0x7ffe39d90000 of 64 bytes failed: Запрос ReadProcessMemory или WriteProcessMemory был выполнен только частично. (0x12B)
[0502/173551.792:WARNING:pe_image_reader.cc(340)] could not read dos header from C:\WINDOWS\System32\shcore.dll
[0502/173551.792:ERROR:process_memory_win.cc(73)] ReadMemory at 0x7ffe37910000 of 64 bytes failed: Запрос ReadProcessMemory или WriteProcessMemory был выполнен только частично. (0x12B)
[0502/173551.792:WARNING:pe_image_reader.cc(340)] could not read dos header from C:\WINDOWS\SYSTEM32\SSPICLI.DLL
[0502/173551.792:ERROR:process_memory_win.cc(73)] ReadMemory at 0x7ffe3a960000 of 64 bytes failed: Запрос ReadProcessMemory или WriteProcessMemory был выполнен только частично. (0x12B)
[0502/173551.792:WARNING:pe_image_reader.cc(340)] could not read dos header from C:\WINDOWS\System32\GDI32.dll
[0502/173551.792:ERROR:process_memory_win.cc(73)] ReadMemory at 0x7ffe38670000 of 64 bytes failed: Запрос ReadProcessMemory или WriteProcessMemory был выполнен только частично. (0x12B)
[0502/173551.792:WARNING:pe_image_reader.cc(340)] could not read dos header from C:\WINDOWS\System32\win32u.dll
[0502/173551.792:ERROR:process_memory_win.cc(73)] ReadMemory at 0x7ffe38740000 of 64 bytes failed: Запрос ReadProcessMemory или WriteProcessMemory был выполнен только частично. (0x12B)
[0502/173551.792:WARNING:pe_image_reader.cc(340)] could not read dos header from C:\WINDOWS\System32\gdi32full.dll
[0502/173551.793:ERROR:process_memory_win.cc(73)] ReadMemory at 0x7ffe39bf0000 of 64 bytes failed: Запрос ReadProcessMemory или WriteProcessMemory был выполнен только частично. (0x12B)
[0502/173551.793:WARNING:pe_image_reader.cc(340)] could not read dos header from C:\WINDOWS\System32\USER32.dll
[0502/173551.793:ERROR:process_memory_win.cc(73)] ReadMemory at 0x7ffe3a080000 of 64 bytes failed: Запрос ReadProcessMemory или WriteProcessMemory был выполнен только частично. (0x12B)
[0502/173551.793:WARNING:pe_image_reader.cc(340)] could not read dos header from C:\WINDOWS\System32\IMM32.DLL
[0502/173551.900:ERROR:process_memory_win.cc(73)] ReadMemory at 0x80749fc000 of 16384 bytes failed: Запрос ReadProcessMemory или WriteProcessMemory был выполнен только частично. (0x12B)
[0502/173551.900:ERROR:process_memory_win.cc(73)] ReadMemory at 0x807409e000 of 852 bytes failed: Запрос ReadProcessMemory или WriteProcessMemory был выполнен только частично. (0x12B)
[0502/173551.900:ERROR:process_memory_win.cc(73)] ReadMemory at 0x807409f000 of 6024 bytes failed: Запрос ReadProcessMemory или WriteProcessMemory был выполнен только частично. (0x12B)
[0502/173551.901:ERROR:process_memory_win.cc(73)] ReadMemory at 0x2587fa70fe0 of 3768 bytes failed: Запрос ReadProcessMemory или WriteProcessMemory был выполнен только частично. (0x12B)
[0502/173551.901:ERROR:process_memory_win.cc(73)] ReadMemory at 0x2587fa71ea0 of 1012 bytes failed: Запрос ReadProcessMemory или WriteProcessMemory был выполнен только частично. (0x12B)
[0502/173551.901:ERROR:process_memory_win.cc(73)] ReadMemory at 0x2587fa724e8 of 118 bytes failed: Запрос ReadProcessMemory или WriteProcessMemory был выполнен только частично. (0x12B)
[0502/173551.901:ERROR:process_memory_win.cc(73)] ReadMemory at 0x2587fa72560 of 886 bytes failed: Запрос ReadProcessMemory или WriteProcessMemory был выполнен только частично. (0x12B)
[0502/173551.901:ERROR:process_memory_win.cc(73)] ReadMemory at 0x2587fa728d8 of 118 bytes failed: Запрос ReadProcessMemory или WriteProcessMemory был выполнен только частично. (0x12B)
[0502/173551.901:ERROR:process_memory_win.cc(73)] ReadMemory at 0x2587fa72950 of 94 bytes failed: Запрос ReadProcessMemory или WriteProcessMemory был выполнен только частично. (0x12B)
[0502/173551.901:ERROR:process_memory_win.cc(73)] ReadMemory at 0x2587fa729c0 of 58 bytes failed: Запрос ReadProcessMemory или WriteProcessMemory был выполнен только частично. (0x12B)
[0502/173551.901:ERROR:process_memory_win.cc(73)] ReadMemory at 0x2587fa72ac0 of 132 bytes failed: Запрос ReadProcessMemory или WriteProcessMemory был выполнен только частично. (0x12B)
[0502/173551.901:ERROR:process_memory_win.cc(73)] ReadMemory at 0x2587fa72c50 of 132 bytes failed: Запрос ReadProcessMemory или WriteProcessMemory был выполнен только частично. (0x12B)
[0502/173551.901:ERROR:process_memory_win.cc(73)] ReadMemory at 0x2587fa72e10 of 126 bytes failed: Запрос ReadProcessMemory или WriteProcessMemory был выполнен только частично. (0x12B)
[0502/173551.901:ERROR:process_memory_win.cc(73)] ReadMemory at 0x2587fa731f0 of 132 bytes failed: Запрос ReadProcessMemory или WriteProcessMemory был выполнен только частично. (0x12B)
[0502/173551.901:ERROR:process_memory_win.cc(73)] ReadMemory at 0x2587fa73380 of 64 bytes failed: Запрос ReadProcessMemory или WriteProcessMemory был выполнен только частично. (0x12B)
[0502/173551.902:ERROR:process_memory_win.cc(73)] ReadMemory at 0x2587fa73540 of 132 bytes failed: Запрос ReadProcessMemory или WriteProcessMemory был выполнен только частично. (0x12B)
[0502/173551.902:ERROR:process_memory_win.cc(73)] ReadMemory at 0x2587fa737e0 of 132 bytes failed: Запрос ReadProcessMemory или WriteProcessMemory был выполнен только частично. (0x12B)
[0502/173551.902:ERROR:process_memory_win.cc(73)] ReadMemory at 0x2587fa73970 of 68 bytes failed: Запрос ReadProcessMemory или WriteProcessMemory был выполнен только частично. (0x12B)
[0502/173551.902:ERROR:process_memory_win.cc(73)] ReadMemory at 0x2587fa74a80 of 132 bytes failed: Запрос ReadProcessMemory или WriteProcessMemory был выполнен только частично. (0x12B)
[0502/173551.902:ERROR:process_memory_win.cc(73)] ReadMemory at 0x2587fa74c10 of 154 bytes failed: Запрос ReadProcessMemory или WriteProcessMemory был выполнен только частично. (0x12B)
[0502/173551.902:ERROR:process_memory_win.cc(73)] ReadMemory at 0x2587fa759e0 of 60 bytes failed: Запрос ReadProcessMemory или WriteProcessMemory был выполнен только частично. (0x12B)
[0502/173551.902:ERROR:process_memory_win.cc(73)] ReadMemory at 0x2587fa75a90 of 62 bytes failed: Запрос ReadProcessMemory или WriteProcessMemory был выполнен только частично. (0x12B)
[0502/173551.902:ERROR:process_memory_win.cc(73)] ReadMemory at 0x2587fa75e40 of 132 bytes failed: Запрос ReadProcessMemory или WriteProcessMemory был выполнен только частично. (0x12B)
[0502/173551.902:ERROR:process_memory_win.cc(73)] ReadMemory at 0x2587fa75fe0 of 132 bytes failed: Запрос ReadProcessMemory или WriteProcessMemory был выполнен только частично. (0x12B)
[0502/173551.902:ERROR:process_memory_win.cc(73)] ReadMemory at 0x2587fa7623e of 512 bytes failed: Запрос ReadProcessMemory или WriteProcessMemory был выполнен только частично. (0x12B)
[0502/173551.902:ERROR:process_memory_win.cc(73)] ReadMemory at 0x2587fa76fe0 of 132 bytes failed: Запрос ReadProcessMemory или WriteProcessMemory был выполнен только частично. (0x12B)
[0502/173551.902:ERROR:process_memory_win.cc(73)] ReadMemory at 0x2587fa79b70 of 132 bytes failed: Запрос ReadProcessMemory или WriteProcessMemory был выполнен только частично. (0x12B)
[0502/173551.902:ERROR:process_memory_win.cc(73)] ReadMemory at 0x2587fa79ed0 of 132 bytes failed: Запрос ReadProcessMemory или WriteProcessMemory был выполнен только частично. (0x12B)
[0502/173551.902:ERROR:process_memory_win.cc(73)] ReadMemory at 0x2587fa7a180 of 132 bytes failed: Запрос ReadProcessMemory или WriteProcessMemory был выполнен только частично. (0x12B)
[0502/173551.902:ERROR:process_memory_win.cc(73)] ReadMemory at 0x2587fa7a310 of 80 bytes failed: Запрос ReadProcessMemory или WriteProcessMemory был выполнен только частично. (0x12B)
[0502/173551.902:ERROR:process_memory_win.cc(73)] ReadMemory at 0x2587fa7a430 of 64 bytes failed: Запрос ReadProcessMemory или WriteProcessMemory был выполнен только частично. (0x12B)
[0502/173551.903:ERROR:process_memory_win.cc(73)] ReadMemory at 0x2587fa7a700 of 60 bytes failed: Запрос ReadProcessMemory или WriteProcessMemory был выполнен только частично. (0x12B)
[0502/173551.903:ERROR:process_memory_win.cc(73)] ReadMemory at 0x2587fa7a7f0 of 62 bytes failed: Запрос ReadProcessMemory или WriteProcessMemory был выполнен только частично. (0x12B)
[0502/173551.903:ERROR:process_memory_win.cc(73)] ReadMemory at 0x2587fa7a8e0 of 60 bytes failed: Запрос ReadProcessMemory или WriteProcessMemory был выполнен только частично. (0x12B)
[0502/173551.903:ERROR:process_memory_win.cc(73)] ReadMemory at 0x2587fa7a930 of 64 bytes failed: Запрос ReadProcessMemory или WriteProcessMemory был выполнен только частично. (0x12B)
[0502/173551.903:ERROR:process_memory_win.cc(73)] ReadMemory at 0x2587fa7a9d0 of 64 bytes failed: Запрос ReadProcessMemory или WriteProcessMemory был выполнен только частично. (0x12B)
[0502/173551.903:ERROR:process_memory_win.cc(73)] ReadMemory at 0x2587fa7aa20 of 64 bytes failed: Запрос ReadProcessMemory или WriteProcessMemory был выполнен только частично. (0x12B)
[0502/173551.903:ERROR:process_memory_win.cc(73)] ReadMemory at 0x2587fa7ab10 of 66 bytes failed: Запрос ReadProcessMemory или WriteProcessMemory был выполнен только частично. (0x12B)
[0502/173551.903:ERROR:process_memory_win.cc(73)] ReadMemory at 0x2587fa7ab60 of 62 bytes failed: Запрос ReadProcessMemory или WriteProcessMemory был выполнен только частично. (0x12B)
[0502/173551.903:ERROR:process_memory_win.cc(73)] ReadMemory at 0x2587fa7b040 of 132 bytes failed: Запрос ReadProcessMemory или WriteProcessMemory был выполнен только частично. (0x12B)
[0502/173551.903:ERROR:process_memory_win.cc(73)] ReadMemory at 0x2587fa7b2a0 of 132 bytes failed: Запрос ReadProcessMemory или WriteProcessMemory был выполнен только частично. (0x12B)
[0502/173551.903:ERROR:process_memory_win.cc(73)] ReadMemory at 0x2587fa7b3d0 of 132 bytes failed: Запрос ReadProcessMemory или WriteProcessMemory был выполнен только частично. (0x12B)
[0502/173551.903:ERROR:process_memory_win.cc(73)] ReadMemory at 0x2587fa7b500 of 132 bytes failed: Запрос ReadProcessMemory или WriteProcessMemory был выполнен только частично. (0x12B)
[0502/173551.904:ERROR:process_memory_win.cc(73)] ReadMemory at 0x2587fa7b630 of 132 bytes failed: Запрос ReadProcessMemory или WriteProcessMemory был выполнен только частично. (0x12B)
[0502/173551.904:ERROR:process_memory_win.cc(73)] ReadMemory at 0x2587fa7b760 of 132 bytes failed: Запрос ReadProcessMemory или WriteProcessMemory был выполнен только частично. (0x12B)
[0502/173551.904:ERROR:process_memory_win.cc(73)] ReadMemory at 0x2587fa7b890 of 132 bytes failed: Запрос ReadProcessMemory или WriteProcessMemory был выполнен только частично. (0x12B)
[0502/173551.904:ERROR:process_memory_win.cc(73)] ReadMemory at 0x2587fa7b9c0 of 132 bytes failed: Запрос ReadProcessMemory или WriteProcessMemory был выполнен только частично. (0x12B)
[0502/173551.904:ERROR:process_memory_win.cc(73)] ReadMemory at 0x2587fa7baf0 of 132 bytes failed: Запрос ReadProcessMemory или WriteProcessMemory был выполнен только частично. (0x12B)
[0502/173551.904:ERROR:process_memory_win.cc(73)] ReadMemory at 0x2587fa7bc20 of 132 bytes failed: Запрос ReadProcessMemory или WriteProcessMemory был выполнен только частично. (0x12B)
[0502/173551.904:ERROR:process_memory_win.cc(73)] ReadMemory at 0x2587fa7bd50 of 132 bytes failed: Запрос ReadProcessMemory или WriteProcessMemory был выполнен только частично. (0x12B)
[0502/173551.904:ERROR:process_memory_win.cc(73)] ReadMemory at 0x2587fa7be80 of 132 bytes failed: Запрос ReadProcessMemory или WriteProcessMemory был выполнен только частично. (0x12B)
[0502/173551.904:ERROR:process_memory_win.cc(73)] ReadMemory at 0x2587fa7df70 of 132 bytes failed: Запрос ReadProcessMemory или WriteProcessMemory был выполнен только частично. (0x12B)
[0502/173551.904:ERROR:process_memory_win.cc(73)] ReadMemory at 0x2587fa7e580 of 132 bytes failed: Запрос ReadProcessMemory или WriteProcessMemory был выполнен только частично. (0x12B)
[0502/173551.904:ERROR:process_memory_win.cc(73)] ReadMemory at 0x2587fa7ef60 of 54 bytes failed: Запрос ReadProcessMemory или WriteProcessMemory был выполнен только частично. (0x12B)
[0502/173551.904:ERROR:process_memory_win.cc(73)] ReadMemory at 0x2587fa7fd40 of 132 bytes failed: Запрос ReadProcessMemory или WriteProcessMemory был выполнен только частично. (0x12B)
[0502/173551.904:ERROR:process_memory_win.cc(73)] ReadMemory at 0x2587fa7fe70 of 132 bytes failed: Запрос ReadProcessMemory или WriteProcessMemory был выполнен только частично. (0x12B)
[0502/173551.904:ERROR:process_memory_win.cc(73)] ReadMemory at 0x2587fa81c40 of 132 bytes failed: Запрос ReadProcessMemory или WriteProcessMemory был выполнен только частично. (0x12B)
[0502/173551.905:ERROR:process_memory_win.cc(73)] ReadMemory at 0x2587fa81e80 of 146 bytes failed: Запрос ReadProcessMemory или WriteProcessMemory был выполнен только частично. (0x12B)
[0502/173551.905:ERROR:process_memory_win.cc(73)] ReadMemory at 0x2587fa84490 of 76 bytes failed: Запрос ReadProcessMemory или WriteProcessMemory был выполнен только частично. (0x12B)
[0502/173551.905:ERROR:process_memory_win.cc(73)] ReadMemory at 0x2587fa84f10 of 80 bytes failed: Запрос ReadProcessMemory или WriteProcessMemory был выполнен только частично. (0x12B)
[0502/173551.905:ERROR:process_memory_win.cc(73)] ReadMemory at 0x2587fa85240 of 62 bytes failed: Запрос ReadProcessMemory или WriteProcessMemory был выполнен только частично. (0x12B)
[0502/173551.905:ERROR:process_memory_win.cc(73)] ReadMemory at 0x2587fa85290 of 62 bytes failed: Запрос ReadProcessMemory или WriteProcessMemory был выполнен только частично. (0x12B)
[0502/173551.905:ERROR:process_memory_win.cc(73)] ReadMemory at 0x2587fa85330 of 58 bytes failed: Запрос ReadProcessMemory или WriteProcessMemory был выполнен только частично. (0x12B)
[0502/173551.905:ERROR:process_memory_win.cc(73)] ReadMemory at 0x2587fa85380 of 60 bytes failed: Запрос ReadProcessMemory или WriteProcessMemory был выполнен только частично. (0x12B)
[0502/173551.905:ERROR:process_memory_win.cc(73)] ReadMemory at 0x2587fa853d0 of 64 bytes failed: Запрос ReadProcessMemory или WriteProcessMemory был выполнен только частично. (0x12B)
[0502/173551.905:ERROR:process_memory_win.cc(73)] ReadMemory at 0x2587fa85420 of 58 bytes failed: Запрос ReadProcessMemory или WriteProcessMemory был выполнен только частично. (0x12B)
[0502/173551.905:ERROR:process_memory_win.cc(73)] ReadMemory at 0x2587fa85740 of 64 bytes failed: Запрос ReadProcessMemory или WriteProcessMemory был выполнен только частично. (0x12B)
[0502/173551.905:ERROR:process_memory_win.cc(73)] ReadMemory at 0x2587fa85790 of 64 bytes failed: Запрос ReadProcessMemory или WriteProcessMemory был выполнен только частично. (0x12B)
[0502/173551.905:ERROR:process_memory_win.cc(73)] ReadMemory at 0x2587fa857e0 of 64 bytes failed: Запрос ReadProcessMemory или WriteProcessMemory был выполнен только частично. (0x12B)
[0502/173551.905:ERROR:process_memory_win.cc(73)] ReadMemory at 0x2587fa85970 of 62 bytes failed: Запрос ReadProcessMemory или WriteProcessMemory был выполнен только частично. (0x12B)
[0502/173551.906:ERROR:process_memory_win.cc(73)] ReadMemory at 0x2587fa85a60 of 66 bytes failed: Запрос ReadProcessMemory или WriteProcessMemory был выполнен только частично. (0x12B)
[0502/173551.906:ERROR:process_memory_win.cc(73)] ReadMemory at 0x2587fa85b50 of 62 bytes failed: Запрос ReadProcessMemory или WriteProcessMemory был выполнен только частично. (0x12B)
[0502/173551.906:ERROR:process_memory_win.cc(73)] ReadMemory at 0x2587fa85ba0 of 60 bytes failed: Запрос ReadProcessMemory или WriteProcessMemory был выполнен только частично. (0x12B)
[0502/173551.906:ERROR:process_memory_win.cc(73)] ReadMemory at 0x2587fa85bf0 of 62 bytes failed: Запрос ReadProcessMemory или WriteProcessMemory был выполнен только частично. (0x12B)
[0502/173551.906:ERROR:process_memory_win.cc(73)] ReadMemory at 0x2587fa85c90 of 62 bytes failed: Запрос ReadProcessMemory или WriteProcessMemory был выполнен только частично. (0x12B)
[0502/173551.906:ERROR:process_memory_win.cc(73)] ReadMemory at 0x2587fa85ce0 of 60 bytes failed: Запрос ReadProcessMemory или WriteProcessMemory был выполнен только частично. (0x12B)
[0502/173551.906:ERROR:process_memory_win.cc(73)] ReadMemory at 0x2587fa85ec0 of 60 bytes failed: Запрос ReadProcessMemory или WriteProcessMemory был выполнен только частично. (0x12B)
[0502/173551.906:ERROR:process_memory_win.cc(73)] ReadMemory at 0x2587fa85f60 of 62 bytes failed: Запрос ReadProcessMemory или WriteProcessMemory был выполнен только частично. (0x12B)
[0502/173551.906:ERROR:process_memory_win.cc(73)] ReadMemory at 0x2587fa85fb0 of 62 bytes failed: Запрос ReadProcessMemory или WriteProcessMemory был выполнен только частично. (0x12B)
[0502/173551.906:ERROR:process_memory_win.cc(73)] ReadMemory at 0x2587fa860f0 of 60 bytes failed: Запрос ReadProcessMemory или WriteProcessMemory был выполнен только частично. (0x12B)
[0502/173551.906:ERROR:process_memory_win.cc(73)] ReadMemory at 0x2587fa86540 of 132 bytes failed: Запрос ReadProcessMemory или WriteProcessMemory был выполнен только частично. (0x12B)
[0502/173551.906:ERROR:process_memory_win.cc(73)] ReadMemory at 0x2587fa86670 of 132 bytes failed: Запрос ReadProcessMemory или WriteProcessMemory был выполнен только частично. (0x12B)
[0502/173551.906:ERROR:process_memory_win.cc(73)] ReadMemory at 0x2587fa868d0 of 132 bytes failed: Запрос ReadProcessMemory или WriteProcessMemory был выполнен только частично. (0x12B)
[0502/173551.907:ERROR:process_memory_win.cc(73)] ReadMemory at 0x2587fa86a00 of 132 bytes failed: Запрос ReadProcessMemory или WriteProcessMemory был выполнен только частично. (0x12B)
[0502/173551.907:ERROR:process_memory_win.cc(73)] ReadMemory at 0x2587fa86b30 of 132 bytes failed: Запрос ReadProcessMemory или WriteProcessMemory был выполнен только частично. (0x12B)
[0502/173551.907:ERROR:process_memory_win.cc(73)] ReadMemory at 0x2587fa86c60 of 132 bytes failed: Запрос ReadProcessMemory или WriteProcessMemory был выполнен только частично. (0x12B)
[0502/173551.907:ERROR:process_memory_win.cc(73)] ReadMemory at 0x2587fa86d90 of 132 bytes failed: Запрос ReadProcessMemory или WriteProcessMemory был выполнен только частично. (0x12B)
[0502/173551.907:ERROR:process_memory_win.cc(73)] ReadMemory at 0x2587fa86ec0 of 132 bytes failed: Запрос ReadProcessMemory или WriteProcessMemory был выполнен только частично. (0x12B)
[0502/173551.907:ERROR:process_memory_win.cc(73)] ReadMemory at 0x2587fa86ff0 of 132 bytes failed: Запрос ReadProcessMemory или WriteProcessMemory был выполнен только частично. (0x12B)
[0502/173551.907:ERROR:process_memory_win.cc(73)] ReadMemory at 0x2587fa87250 of 132 bytes failed: Запрос ReadProcessMemory или WriteProcessMemory был выполнен только частично. (0x12B)
[0502/173551.907:ERROR:process_memory_win.cc(73)] ReadMemory at 0x2587fa87380 of 132 bytes failed: Запрос ReadProcessMemory или WriteProcessMemory был выполнен только частично. (0x12B)
[0502/173551.907:ERROR:process_memory_win.cc(73)] ReadMemory at 0x2587fa874b0 of 132 bytes failed: Запрос ReadProcessMemory или WriteProcessMemory был выполнен только частично. (0x12B)
[0502/173551.907:ERROR:process_memory_win.cc(73)] ReadMemory at 0x2587fa87840 of 132 bytes failed: Запрос ReadProcessMemory или WriteProcessMemory был выполнен только частично. (0x12B)
[0502/173551.907:ERROR:process_memory_win.cc(73)] ReadMemory at 0x2587fa87970 of 132 bytes failed: Запрос ReadProcessMemory или WriteProcessMemory был выполнен только частично. (0x12B)
[0502/173551.907:ERROR:process_memory_win.cc(73)] ReadMemory at 0x2587fa9b6b0 of 66 bytes failed: Запрос ReadProcessMemory или WriteProcessMemory был выполнен только частично. (0x12B)
[0502/173551.907:ERROR:process_memory_win.cc(73)] ReadMemory at 0x2587fa9c1f0 of 60 bytes failed: Запрос ReadProcessMemory или WriteProcessMemory был выполнен только частично. (0x12B)
[0502/173551.908:ERROR:process_memory_win.cc(73)] ReadMemory at 0x7ffe0ba30000 of 384 bytes failed: Запрос ReadProcessMemory или WriteProcessMemory был выполнен только частично. (0x12B)
[0502/173551.908:ERROR:process_memory_win.cc(73)] ReadMemory at 0x7ffe12eafaa8 of 512 bytes failed: Запрос ReadProcessMemory или WriteProcessMemory был выполнен только частично. (0x12B)
[0502/173551.908:ERROR:process_memory_win.cc(73)] ReadMemory at 0x7ffe12f493b8 of 512 bytes failed: Запрос ReadProcessMemory или WriteProcessMemory был выполнен только частично. (0x12B)
[0502/173551.908:ERROR:process_memory_win.cc(73)] ReadMemory at 0x7ffe12f49ba8 of 512 bytes failed: Запрос ReadProcessMemory или WriteProcessMemory был выполнен только частично. (0x12B)
[0502/173551.908:ERROR:process_memory_win.cc(73)] ReadMemory at 0x7ffe3899a719 of 512 bytes failed: Запрос ReadProcessMemory или WriteProcessMemory был выполнен только частично. (0x12B)
[0502/173551.908:ERROR:process_memory_win.cc(73)] ReadMemory at 0x7ffe38bcb6e0 of 512 bytes failed: Запрос ReadProcessMemory или WriteProcessMemory был выполнен только частично. (0x12B)
[0502/173551.908:ERROR:process_memory_win.cc(73)] ReadMemory at 0x7ffe3abfc674 of 512 bytes failed: Запрос ReadProcessMemory или WriteProcessMemory был выполнен только частично. (0x12B)
[0502/173551.908:ERROR:process_memory_win.cc(73)] ReadMemory at 0x7ffe3ac7d738 of 512 bytes failed: Запрос ReadProcessMemory или WriteProcessMemory был выполнен только частично. (0x12B)
[0502/173551.908:ERROR:process_memory_win.cc(73)] ReadMemory at 0x7ffe3ac8c428 of 18 bytes failed: Запрос ReadProcessMemory или WriteProcessMemory был выполнен только частично. (0x12B)
[0502/173551.908:ERROR:process_memory_win.cc(73)] ReadMemory at 0x7ffe3acbf4f8 of 40 bytes failed: Запрос ReadProcessMemory или WriteProcessMemory был выполнен только частично. (0x12B)
[0502/173551.908:ERROR:process_memory_win.cc(73)] ReadMemory at 0x7ffe3acbf978 of 48 bytes failed: Запрос ReadProcessMemory или WriteProcessMemory был выполнен только частично. (0x12B)
[0502/173551.908:ERROR:process_memory_win.cc(73)] ReadMemory at 0x7ffe3acc53c0 of 64 bytes failed: Запрос ReadProcessMemory или WriteProcessMemory был выполнен только частично. (0x12B)
[0502/173551.911:ERROR:file_io_win.cc(161)] CreateFile C:\Users\ALEXAN~1\AppData\Local\Temp\scoped_dir11656_171789079\Crashpad\settings.dat: Не удается найти указанный файл. (0x2)
[0502/173551.910:ERROR:scoped_process_suspend.cc(40)] NtResumeProcess: Попытка доступа к процессу, выполняющему процедуру завершения. (0xc000010a)
