17:35:01.977 [main] ERROR listeners.Listeners - TEST screenShotTest FAILED. Trace follows: 
java.lang.AssertionError: expected [true] but found [false]
	at org.testng.Assert.fail(Assert.java:97) ~[testng-7.1.0.jar:?]
	at org.testng.Assert.failNotEquals(Assert.java:969) ~[testng-7.1.0.jar:?]
	at org.testng.Assert.assertTrue(Assert.java:43) ~[testng-7.1.0.jar:?]
	at org.testng.Assert.assertTrue(Assert.java:53) ~[testng-7.1.0.jar:?]
	at training.TestFake.screenShotTest(TestFake.java:39) ~[test-classes/:?]
	at jdk.internal.reflect.NativeMethodAccessorImpl.invoke0(Native Method) ~[?:?]
	at jdk.internal.reflect.NativeMethodAccessorImpl.invoke(NativeMethodAccessorImpl.java:62) ~[?:?]
	at jdk.internal.reflect.DelegatingMethodAccessorImpl.invoke(DelegatingMethodAccessorImpl.java:43) ~[?:?]
	at java.lang.reflect.Method.invoke(Method.java:566) ~[?:?]
	at org.testng.internal.MethodInvocationHelper.invokeMethod(MethodInvocationHelper.java:134) ~[testng-7.1.0.jar:?]
	at org.testng.internal.TestInvoker.invokeMethod(TestInvoker.java:597) ~[testng-7.1.0.jar:?]
	at org.testng.internal.TestInvoker.invokeTestMethod(TestInvoker.java:173) ~[testng-7.1.0.jar:?]
	at org.testng.internal.MethodRunner.runInSequence(MethodRunner.java:46) ~[testng-7.1.0.jar:?]
	at org.testng.internal.TestInvoker$MethodInvocationAgent.invoke(TestInvoker.java:816) ~[testng-7.1.0.jar:?]
	at org.testng.internal.TestInvoker.invokeTestMethods(TestInvoker.java:146) ~[testng-7.1.0.jar:?]
	at org.testng.internal.TestMethodWorker.invokeTestMethods(TestMethodWorker.java:146) ~[testng-7.1.0.jar:?]
	at org.testng.internal.TestMethodWorker.run(TestMethodWorker.java:128) ~[testng-7.1.0.jar:?]
	at java.util.ArrayList.forEach(ArrayList.java:1540) [?:?]
	at org.testng.TestRunner.privateRun(TestRunner.java:766) [testng-7.1.0.jar:?]
	at org.testng.TestRunner.run(TestRunner.java:587) [testng-7.1.0.jar:?]
	at org.testng.SuiteRunner.runTest(SuiteRunner.java:384) [testng-7.1.0.jar:?]
	at org.testng.SuiteRunner.runSequentially(SuiteRunner.java:378) [testng-7.1.0.jar:?]
	at org.testng.SuiteRunner.privateRun(SuiteRunner.java:337) [testng-7.1.0.jar:?]
	at org.testng.SuiteRunner.run(SuiteRunner.java:286) [testng-7.1.0.jar:?]
	at org.testng.SuiteRunnerWorker.runSuite(SuiteRunnerWorker.java:53) [testng-7.1.0.jar:?]
	at org.testng.SuiteRunnerWorker.run(SuiteRunnerWorker.java:96) [testng-7.1.0.jar:?]
	at org.testng.TestNG.runSuitesSequentially(TestNG.java:1187) [testng-7.1.0.jar:?]
	at org.testng.TestNG.runSuitesLocally(TestNG.java:1109) [testng-7.1.0.jar:?]
	at org.testng.TestNG.runSuites(TestNG.java:1039) [testng-7.1.0.jar:?]
	at org.testng.TestNG.run(TestNG.java:1007) [testng-7.1.0.jar:?]
	at com.intellij.rt.testng.IDEARemoteTestNG.run(IDEARemoteTestNG.java:66) [testng-rt.jar:?]
	at com.intellij.rt.testng.RemoteTestNGStarter.main(RemoteTestNGStarter.java:110) [testng-rt.jar:?]
17:35:49.998 [main] INFO  training.TestFake - HELLO
